<?xml version="1.0" encoding="UTF-8" ?>
<testsuite tests="1" failures="0" name="com.server.data.ExampleConfigurationTests" time="0.016" errors="0" skipped="0">
  <properties>
    <property name="java.runtime.name" value="Java(TM) SE Runtime Environment"/>
    <property name="sun.boot.library.path" value="D:\jdk1.8.144\jre\bin"/>
    <property name="java.vm.version" value="25.144-b01"/>
    <property name="java.vm.vendor" value="Oracle Corporation"/>
    <property name="maven.multiModuleProjectDirectory" value="D:\Spring-Dependency-Applications\SpringDI-Test"/>
    <property name="java.vendor.url" value="http://java.oracle.com/"/>
    <property name="path.separator" value=";"/>
    <property name="guice.disable.misplaced.annotation.check" value="true"/>
    <property name="java.vm.name" value="Java HotSpot(TM) 64-Bit Server VM"/>
    <property name="file.encoding.pkg" value="sun.io"/>
    <property name="user.script" value=""/>
    <property name="user.country" value="US"/>
    <property name="sun.java.launcher" value="SUN_STANDARD"/>
    <property name="sun.os.patch.level" value="Service Pack 1"/>
    <property name="java.vm.specification.name" value="Java Virtual Machine Specification"/>
    <property name="user.dir" value="D:\Spring-Dependency-Applications\SpringDI-Test"/>
    <property name="java.runtime.version" value="1.8.0_144-b01"/>
    <property name="java.awt.graphicsenv" value="sun.awt.Win32GraphicsEnvironment"/>
    <property name="java.endorsed.dirs" value="D:\jdk1.8.144\jre\lib\endorsed"/>
    <property name="os.arch" value="amd64"/>
    <property name="java.io.tmpdir" value="C:\Users\Prakash\AppData\Local\Temp\"/>
    <property name="line.separator" value="
"/>
    <property name="java.vm.specification.vendor" value="Oracle Corporation"/>
    <property name="user.variant" value=""/>
    <property name="os.name" value="Windows 7"/>
    <property name="classworlds.conf" value="D:\Spring-Dependency-Applications\.metadata\.plugins\org.eclipse.m2e.launching\launches\m2conf4289614371946806818.tmp"/>
    <property name="jansi.force" value="true"/>
    <property name="sun.jnu.encoding" value="Cp1252"/>
    <property name="java.library.path" value="D:\jdk1.8.144\bin;C:\Windows\Sun\Java\bin;C:\Windows\system32;C:\Windows;D:/sts-4.10.0.RELEASE//plugins/org.eclipse.justj.openjdk.hotspot.jre.full.win32.x86_64_15.0.2.v20210201-0955/jre/bin/server;D:/sts-4.10.0.RELEASE//plugins/org.eclipse.justj.openjdk.hotspot.jre.full.win32.x86_64_15.0.2.v20210201-0955/jre/bin;D:\BrowserDrivers;D:/jdk1.8.144/bin;D:\apache-groovy-3.0.7\bin;C:\Program Files\nodejs;C:/Program Files/Git/bin;C:\Windows\System32;C:\Python27;C:\Python27\Scripts;C:\Users\Prakash\AppData\Roaming\npm;D:\curl-7.70\bin;C:\Windows\System32\WindowsPowerShell\v1.0;C:\Program Files\Git\cmd;D:\BrowserDrivers;D:/jdk1.8.144/bin;D:\apache-groovy-3.0.7\bin;C:\Program Files\nodejs;C:/Program Files/Git/bin;C:\Windows\System32;C:\Python27;C:\Python27\Scripts;C:\Users\Prakash\AppData\Roaming\npm;D:\curl-7.70\bin;C:\Windows\System32\WindowsPowerShell\v1.0;;D:\sts-4.10.0.RELEASE;;."/>
    <property name="jansi.passthrough" value="true"/>
    <property name="java.specification.name" value="Java Platform API Specification"/>
    <property name="java.class.version" value="52.0"/>
    <property name="sun.management.compiler" value="HotSpot 64-Bit Tiered Compilers"/>
    <property name="os.version" value="6.1"/>
    <property name="user.home" value="C:\Users\Prakash"/>
    <property name="user.timezone" value="Asia/Calcutta"/>
    <property name="java.awt.printerjob" value="sun.awt.windows.WPrinterJob"/>
    <property name="java.specification.version" value="1.8"/>
    <property name="file.encoding" value="Cp1252"/>
    <property name="user.name" value="Prakash"/>
    <property name="java.class.path" value="D:\sts-4.10.0.RELEASE\plugins\org.eclipse.m2e.maven.runtime_1.16.0.20210129-0849\jars\plexus-classworlds-2.6.0.jar"/>
    <property name="java.vm.specification.version" value="1.8"/>
    <property name="sun.arch.data.model" value="64"/>
    <property name="java.home" value="D:\jdk1.8.144\jre"/>
    <property name="sun.java.command" value="org.codehaus.plexus.classworlds.launcher.Launcher -B package -Dstyle.color=always"/>
    <property name="java.specification.vendor" value="Oracle Corporation"/>
    <property name="user.language" value="en"/>
    <property name="awt.toolkit" value="sun.awt.windows.WToolkit"/>
    <property name="java.vm.info" value="mixed mode"/>
    <property name="java.version" value="1.8.0_144"/>
    <property name="java.ext.dirs" value="D:\jdk1.8.144\jre\lib\ext;C:\Windows\Sun\Java\lib\ext"/>
    <property name="sun.boot.class.path" value="D:\jdk1.8.144\jre\lib\resources.jar;D:\jdk1.8.144\jre\lib\rt.jar;D:\jdk1.8.144\jre\lib\sunrsasign.jar;D:\jdk1.8.144\jre\lib\jsse.jar;D:\jdk1.8.144\jre\lib\jce.jar;D:\jdk1.8.144\jre\lib\charsets.jar;D:\jdk1.8.144\jre\lib\jfr.jar;D:\jdk1.8.144\jre\classes"/>
    <property name="java.vendor" value="Oracle Corporation"/>
    <property name="maven.home" value="D:\Spring-Dependency-Applications\SpringDI-Test\EMBEDDED"/>
    <property name="style.color" value="always"/>
    <property name="file.separator" value="\"/>
    <property name="java.vendor.url.bug" value="http://bugreport.sun.com/bugreport/"/>
    <property name="sun.cpu.endian" value="little"/>
    <property name="sun.io.unicode.encoding" value="UnicodeLittle"/>
    <property name="sun.desktop" value="windows"/>
    <property name="sun.cpu.isalist" value="amd64"/>
  </properties>
  <testcase classname="com.server.data.ExampleConfigurationTests" name="testSimpleProperties" time="0.016"/>
</testsuite>